2025-06-11 15:29:44 [background-preinit] INFO  o.h.validator.internal.util.Version - HV000001: Hibernate Validator 8.0.2.Final
2025-06-11 15:29:44 [restartedMain] INFO  c.a.s.StudentManagementApiApplication - Starting StudentManagementApiApplication using Java 17.0.12 with PID 5000 (D:\SODA.KROES\Acleda\student-management-api\target\classes started by sodai in D:\SODA.KROES\Acleda\student-management-api)
2025-06-11 15:29:44 [restartedMain] INFO  c.a.s.StudentManagementApiApplication - No active profile set, falling back to 1 default profile: "default"
2025-06-11 15:29:44 [restartedMain] INFO  o.s.b.d.restart.ChangeableUrls - The Class-Path manifest attribute in C:\Users\sodai\.m2\repository\com\oracle\database\jdbc\ojdbc11\21.9.0.0\ojdbc11-21.9.0.0.jar referenced one or more files that do not exist: file:/C:/Users/sodai/.m2/repository/com/oracle/database/jdbc/ojdbc11/21.9.0.0/oraclepki.jar
2025-06-11 15:29:44 [restartedMain] INFO  o.s.b.d.restart.ChangeableUrls - The Class-Path manifest attribute in C:\Users\sodai\.m2\repository\com\oracle\database\jdbc\ojdbc8\19.8.0.0\ojdbc8-19.8.0.0.jar referenced one or more files that do not exist: file:/C:/Users/sodai/.m2/repository/com/oracle/database/jdbc/ojdbc8/19.8.0.0/oraclepki.jar
2025-06-11 15:29:44 [restartedMain] INFO  o.s.b.d.e.DevToolsPropertyDefaultsPostProcessor - Devtools property defaults active! Set 'spring.devtools.add-properties' to 'false' to disable
2025-06-11 15:29:44 [restartedMain] INFO  o.s.b.d.e.DevToolsPropertyDefaultsPostProcessor - For additional web related logging consider setting the 'logging.level.web' property to 'DEBUG'
2025-06-11 15:29:45 [restartedMain] INFO  o.s.d.r.c.RepositoryConfigurationDelegate - Bootstrapping Spring Data JPA repositories in DEFAULT mode.
2025-06-11 15:29:45 [restartedMain] INFO  o.s.d.r.c.RepositoryConfigurationDelegate - Finished Spring Data repository scanning in 175 ms. Found 6 JPA repository interfaces.
2025-06-11 15:29:46 [restartedMain] INFO  o.s.b.w.e.tomcat.TomcatWebServer - Tomcat initialized with port 8095 (http)
2025-06-11 15:29:46 [restartedMain] INFO  o.a.coyote.http11.Http11NioProtocol - Initializing ProtocolHandler ["http-nio-8095"]
2025-06-11 15:29:46 [restartedMain] INFO  o.a.catalina.core.StandardService - Starting service [Tomcat]
2025-06-11 15:29:46 [restartedMain] INFO  o.a.catalina.core.StandardEngine - Starting Servlet engine: [Apache Tomcat/10.1.41]
2025-06-11 15:29:46 [restartedMain] INFO  o.a.c.c.C.[Tomcat].[localhost].[/] - Initializing Spring embedded WebApplicationContext
2025-06-11 15:29:46 [restartedMain] INFO  o.s.b.w.s.c.ServletWebServerApplicationContext - Root WebApplicationContext: initialization completed in 2391 ms
2025-06-11 15:29:47 [restartedMain] INFO  o.h.jpa.internal.util.LogHelper - HHH000204: Processing PersistenceUnitInfo [name: default]
2025-06-11 15:29:47 [restartedMain] INFO  org.hibernate.Version - HHH000412: Hibernate ORM core version 6.6.15.Final
2025-06-11 15:29:47 [restartedMain] INFO  o.h.c.i.RegionFactoryInitiator - HHH000026: Second-level cache disabled
2025-06-11 15:29:47 [restartedMain] INFO  o.s.o.j.p.SpringPersistenceUnitInfo - No LoadTimeWeaver setup: ignoring JPA class transformer
2025-06-11 15:29:47 [restartedMain] INFO  com.zaxxer.hikari.HikariDataSource - HikariPool-1 - Starting...
2025-06-11 15:29:48 [restartedMain] INFO  com.zaxxer.hikari.pool.HikariPool - HikariPool-1 - Added connection org.postgresql.jdbc.PgConnection@3ad268c2
2025-06-11 15:29:48 [restartedMain] INFO  com.zaxxer.hikari.HikariDataSource - HikariPool-1 - Start completed.
2025-06-11 15:29:48 [restartedMain] WARN  org.hibernate.orm.deprecation - HHH90000025: PostgreSQLDialect does not need to be specified explicitly using 'hibernate.dialect' (remove the property setting and it will be selected by default)
2025-06-11 15:29:48 [restartedMain] INFO  o.hibernate.orm.connections.pooling - HHH10001005: Database info:
	Database JDBC URL [Connecting through datasource 'HikariDataSource (HikariPool-1)']
	Database driver: undefined/unknown
	Database version: 17.5
	Autocommit mode: undefined/unknown
	Isolation level: undefined/unknown
	Minimum pool size: undefined/unknown
	Maximum pool size: undefined/unknown
2025-06-11 15:29:49 [restartedMain] INFO  o.h.e.t.j.p.i.JtaPlatformInitiator - HHH000489: No JTA platform available (set 'hibernate.transaction.jta.platform' to enable JTA platform integration)
2025-06-11 15:29:49 [restartedMain] INFO  o.s.o.j.LocalContainerEntityManagerFactoryBean - Initialized JPA EntityManagerFactory for persistence unit 'default'
2025-06-11 15:29:49 [restartedMain] WARN  o.s.b.a.o.j.JpaBaseConfiguration$JpaWebConfiguration - spring.jpa.open-in-view is enabled by default. Therefore, database queries may be performed during view rendering. Explicitly configure spring.jpa.open-in-view to disable this warning
2025-06-11 15:29:50 [restartedMain] INFO  o.s.b.a.e.web.EndpointLinksResolver - Exposing 1 endpoint beneath base path '/actuator'
2025-06-11 15:29:50 [restartedMain] INFO  o.s.s.c.a.a.c.InitializeUserDetailsBeanManagerConfigurer$InitializeUserDetailsManagerConfigurer - Global AuthenticationManager configured with UserDetailsService bean with name customUserDetailService
2025-06-11 15:29:50 [restartedMain] INFO  o.s.b.d.a.OptionalLiveReloadServer - LiveReload server is running on port 35729
2025-06-11 15:29:50 [restartedMain] INFO  o.a.coyote.http11.Http11NioProtocol - Starting ProtocolHandler ["http-nio-8095"]
2025-06-11 15:29:50 [restartedMain] INFO  o.s.b.w.e.tomcat.TomcatWebServer - Tomcat started on port 8095 (http) with context path '/'
2025-06-11 15:29:50 [restartedMain] INFO  c.a.s.StudentManagementApiApplication - Started StudentManagementApiApplication in 7.023 seconds (process running for 7.538)
2025-06-11 15:29:50 [restartedMain] INFO  c.a.s.StudentManagementApiApplication - Application started with DB = postgres 
2025-06-11 15:30:22 [http-nio-8095-exec-2] INFO  o.a.c.c.C.[Tomcat].[localhost].[/] - Initializing Spring DispatcherServlet 'dispatcherServlet'
2025-06-11 15:30:22 [http-nio-8095-exec-2] INFO  o.s.web.servlet.DispatcherServlet - Initializing Servlet 'dispatcherServlet'
2025-06-11 15:30:22 [http-nio-8095-exec-2] INFO  o.s.web.servlet.DispatcherServlet - Completed initialization in 2 ms
2025-06-11 15:30:22 [http-nio-8095-exec-2] INFO  c.a.s.controller.AuthRestController - User registration request received: {"id":null,"fullName":"Soda.Kroes","email":"soda@gmail.com","role":"ROLE_ADMIN"}
2025-06-11 15:30:22 [http-nio-8095-exec-2] INFO  c.a.s.controller.AuthRestController - User registration successful for email: soda@gmail.com
2025-06-11 15:32:14 [http-nio-8095-exec-4] INFO  c.a.s.controller.AuthRestController - User login request received: {"email":"soda@gmail.com","password":"sodaIT@168"}
2025-06-11 15:32:14 [http-nio-8095-exec-4] INFO  c.a.s.controller.AuthRestController - User login successful for email: soda@gmail.com
2025-06-11 15:32:38 [http-nio-8095-exec-10] INFO  c.a.s.controller.AuthRestController - User login request received: {"email":"soda@gmail.com","password":"sodaIT@168"}
2025-06-11 15:32:38 [http-nio-8095-exec-10] INFO  c.a.s.controller.AuthRestController - User login successful for email: soda@gmail.com
2025-06-11 15:32:57 [http-nio-8095-exec-8] INFO  c.a.s.controller.AuthRestController - User login request received: {"email":"soda@gm1ail.com","password":"sodaIT@168"}
2025-06-11 15:32:57 [http-nio-8095-exec-8] WARN  c.a.s.exception.ApiExceptionHandler - Resource not found: User not found with email: soda@gm1ail.com
2025-06-11 15:32:57 [http-nio-8095-exec-8] WARN  o.s.w.s.m.m.a.ExceptionHandlerExceptionResolver - Resolved [com.acledabank.student_management_api.exception.NotFoundErrorException: User not found with email: soda@gm1ail.com]
2025-06-11 15:33:12 [SpringApplicationShutdownHook] INFO  o.s.b.w.e.tomcat.GracefulShutdown - Commencing graceful shutdown. Waiting for active requests to complete
